Using pre-set license
Built from '2022.3/staging' branch; Version is '2022.3.37f1 (340ba89e4c23) revision 3410856'; Using compiler version '192829333'; Build Type 'Release'
OS: 'Windows 11  (10.0.22631) 64bit Core' Language: 'de' Physical Memory: 15791 MB
BatchMode: 1, IsHumanControllingUs: 0, StartBugReporterOnCrash: 0, Is64bit: 1, IsPro: 1

COMMAND LINE ARGUMENTS:
C:\Program Files\Unity\Hub\Editor\2022.3.37f1\Editor\Unity.exe
-adb2
-batchMode
-noUpm
-name
AssetImportWorker6
-projectPath
D:/Unity WorldBuiling/GithubConnection/WorldBuilding
-logFile
Logs/AssetImportWorker6.log
-srvPort
51274
Successfully changed project path to: D:/Unity WorldBuiling/GithubConnection/WorldBuilding
D:/Unity WorldBuiling/GithubConnection/WorldBuilding
[UnityMemory] Configuration Parameters - Can be set up in boot.config
    "memorysetup-bucket-allocator-granularity=16"
    "memorysetup-bucket-allocator-bucket-count=8"
    "memorysetup-bucket-allocator-block-size=33554432"
    "memorysetup-bucket-allocator-block-count=8"
    "memorysetup-main-allocator-block-size=16777216"
    "memorysetup-thread-allocator-block-size=16777216"
    "memorysetup-gfx-main-allocator-block-size=16777216"
    "memorysetup-gfx-thread-allocator-block-size=16777216"
    "memorysetup-cache-allocator-block-size=4194304"
    "memorysetup-typetree-allocator-block-size=2097152"
    "memorysetup-profiler-bucket-allocator-granularity=16"
    "memorysetup-profiler-bucket-allocator-bucket-count=8"
    "memorysetup-profiler-bucket-allocator-block-size=33554432"
    "memorysetup-profiler-bucket-allocator-block-count=8"
    "memorysetup-profiler-allocator-block-size=16777216"
    "memorysetup-profiler-editor-allocator-block-size=1048576"
    "memorysetup-temp-allocator-size-main=16777216"
    "memorysetup-job-temp-allocator-block-size=2097152"
    "memorysetup-job-temp-allocator-block-size-background=1048576"
    "memorysetup-job-temp-allocator-reduction-small-platforms=262144"
    "memorysetup-allocator-temp-initial-block-size-main=262144"
    "memorysetup-allocator-temp-initial-block-size-worker=262144"
    "memorysetup-temp-allocator-size-background-worker=32768"
    "memorysetup-temp-allocator-size-job-worker=262144"
    "memorysetup-temp-allocator-size-preload-manager=33554432"
    "memorysetup-temp-allocator-size-nav-mesh-worker=65536"
    "memorysetup-temp-allocator-size-audio-worker=65536"
    "memorysetup-temp-allocator-size-cloud-worker=32768"
    "memorysetup-temp-allocator-size-gi-baking-worker=262144"
    "memorysetup-temp-allocator-size-gfx=262144"
Player connection [25876] Host "[IP] 192.168.178.37 [Port] 0 [Flags] 2 [Guid] 1251480529 [EditorId] 1251480529 [Version] 1048832 [Id] WindowsEditor(7,DESKTOP-MarvinOex) [Debug] 1 [PackageName] WindowsEditor [ProjectName] Editor" joined multi-casting on [225.0.0.222:54997]...

Player connection [25876] Host "[IP] 192.168.178.37 [Port] 0 [Flags] 2 [Guid] 1251480529 [EditorId] 1251480529 [Version] 1048832 [Id] WindowsEditor(7,DESKTOP-MarvinOex) [Debug] 1 [PackageName] WindowsEditor [ProjectName] Editor" joined alternative multi-casting on [225.0.0.222:34997]...

[PhysX] Initialized MultithreadedTaskDispatcher with 16 workers.
Refreshing native plugins compatible for Editor in 9.25 ms, found 3 plugins.
Preloading 0 native plugins for Editor in 0.00 ms.
Initialize engine version: 2022.3.37f1 (340ba89e4c23)
[Subsystems] Discovering subsystems at path C:/Program Files/Unity/Hub/Editor/2022.3.37f1/Editor/Data/Resources/UnitySubsystems
[Subsystems] Discovering subsystems at path D:/Unity WorldBuiling/GithubConnection/WorldBuilding/Assets
GfxDevice: creating device client; threaded=0; jobified=0
Direct3D:
    Version:  Direct3D 11.0 [level 11.1]
    Renderer: NVIDIA GeForce RTX 3070 Laptop GPU (ID=0x249d)
    Vendor:   NVIDIA
    VRAM:     8020 MB
    Driver:   32.0.15.6603
Initialize mono
Mono path[0] = 'C:/Program Files/Unity/Hub/Editor/2022.3.37f1/Editor/Data/Managed'
Mono path[1] = 'C:/Program Files/Unity/Hub/Editor/2022.3.37f1/Editor/Data/MonoBleedingEdge/lib/mono/unityjit-win32'
Mono config path = 'C:/Program Files/Unity/Hub/Editor/2022.3.37f1/Editor/Data/MonoBleedingEdge/etc'
Using monoOptions --debugger-agent=transport=dt_socket,embedding=1,server=y,suspend=n,address=127.0.0.1:56516
Begin MonoManager ReloadAssembly
Registering precompiled unity dll's ...
Register platform support module: C:/Program Files/Unity/Hub/Editor/2022.3.37f1/Editor/Data/PlaybackEngines/WebGLSupport/UnityEditor.WebGL.Extensions.dll
Register platform support module: C:/Program Files/Unity/Hub/Editor/2022.3.37f1/Editor/Data/PlaybackEngines/WindowsStandaloneSupport/UnityEditor.WindowsStandalone.Extensions.dll
Registered in 0.007753 seconds.
- Loaded All Assemblies, in  0.294 seconds
Native extension for WindowsStandalone target not found
Native extension for WebGL target not found
Mono: successfully reloaded assembly
- Finished resetting the current domain, in  0.223 seconds
Domain Reload Profiling: 516ms
	BeginReloadAssembly (89ms)
		ExecutionOrderSort (0ms)
		DisableScriptedObjects (0ms)
		BackupInstance (0ms)
		ReleaseScriptingObjects (0ms)
		CreateAndSetChildDomain (1ms)
	RebuildCommonClasses (26ms)
	RebuildNativeTypeToScriptingClass (8ms)
	initialDomainReloadingComplete (51ms)
	LoadAllAssembliesAndSetupDomain (119ms)
		LoadAssemblies (87ms)
		RebuildTransferFunctionScriptingTraits (0ms)
		AnalyzeDomain (118ms)
			TypeCache.Refresh (117ms)
				TypeCache.ScanAssembly (106ms)
			ScanForSourceGeneratedMonoScriptInfo (0ms)
			ResolveRequiredComponents (0ms)
	FinalizeReload (223ms)
		ReleaseScriptCaches (0ms)
		RebuildScriptCaches (0ms)
		SetupLoadedEditorAssemblies (178ms)
			LogAssemblyErrors (0ms)
			InitializePlatformSupportModulesInManaged (9ms)
			SetLoadedEditorAssemblies (4ms)
			RefreshPlugins (0ms)
			BeforeProcessingInitializeOnLoad (2ms)
			ProcessInitializeOnLoadAttributes (122ms)
			ProcessInitializeOnLoadMethodAttributes (41ms)
			AfterProcessingInitializeOnLoad (0ms)
			EditorAssembliesLoaded (0ms)
		ExecutionOrderSort2 (0ms)
		AwakeInstancesAfterBackupRestoration (0ms)
========================================================================
Worker process is ready to serve import requests
Begin MonoManager ReloadAssembly
- Loaded All Assemblies, in  0.559 seconds
Refreshing native plugins compatible for Editor in 3.83 ms, found 3 plugins.
Native extension for WindowsStandalone target not found
Native extension for WebGL target not found
Package Manager log level set to [2]
[Package Manager] Server::EnsureServerProcessIsRunning -- launch failed, reason: Unity was launched with the -noUpm command-line argument
[Package Manager] UpmClient::Send -- Unable to send message (not connected to UPM process).
[Package Manager] Cannot connect to Unity Package Manager local server
Mono: successfully reloaded assembly
- Finished resetting the current domain, in  0.549 seconds
Domain Reload Profiling: 1106ms
	BeginReloadAssembly (132ms)
		ExecutionOrderSort (0ms)
		DisableScriptedObjects (4ms)
		BackupInstance (0ms)
		ReleaseScriptingObjects (0ms)
		CreateAndSetChildDomain (19ms)
	RebuildCommonClasses (28ms)
	RebuildNativeTypeToScriptingClass (8ms)
	initialDomainReloadingComplete (37ms)
	LoadAllAssembliesAndSetupDomain (352ms)
		LoadAssemblies (281ms)
		RebuildTransferFunctionScriptingTraits (0ms)
		AnalyzeDomain (151ms)
			TypeCache.Refresh (132ms)
				TypeCache.ScanAssembly (116ms)
			ScanForSourceGeneratedMonoScriptInfo (13ms)
			ResolveRequiredComponents (5ms)
	FinalizeReload (549ms)
		ReleaseScriptCaches (0ms)
		RebuildScriptCaches (0ms)
		SetupLoadedEditorAssemblies (427ms)
			LogAssemblyErrors (0ms)
			InitializePlatformSupportModulesInManaged (6ms)
			SetLoadedEditorAssemblies (2ms)
			RefreshPlugins (0ms)
			BeforeProcessingInitializeOnLoad (48ms)
			ProcessInitializeOnLoadAttributes (343ms)
			ProcessInitializeOnLoadMethodAttributes (20ms)
			AfterProcessingInitializeOnLoad (8ms)
			EditorAssembliesLoaded (0ms)
		ExecutionOrderSort2 (0ms)
		AwakeInstancesAfterBackupRestoration (5ms)
Launched and connected shader compiler UnityShaderCompiler.exe after 0.05 seconds
Refreshing native plugins compatible for Editor in 4.83 ms, found 3 plugins.
Preloading 0 native plugins for Editor in 0.00 ms.
Unloading 3556 Unused Serialized files (Serialized files now loaded: 0)
Unloading 40 unused Assets / (58.2 KB). Loaded Objects now: 4018.
Memory consumption went from 135.3 MB to 135.2 MB.
Total: 3.046300 ms (FindLiveObjects: 0.340000 ms CreateObjectMapping: 0.104200 ms MarkObjects: 2.504000 ms  DeleteObjects: 0.097300 ms)

AssetImportParameters requested are different than current active one (requested -> active):
  custom:container-demuxer-ogg: 62fdf1f143b41e24485cea50d1cbac27 -> 
  custom:video-decoder-ogg-theora: a1e56fd34408186e4bbccfd4996cb3dc -> 
  custom:framework-win-MediaFoundation: 216162199b28c13a410421893ffa2e32 -> 
  custom:scripting/monoscript/fileName/Porgramming_24_10_08.cs: 4e46254cc23d73b26ea011946340580d -> 
  custom:CustomObjectIndexerAttribute: 9a22284fe3817be447336de3de66b15e -> 
  custom:container-demuxer-webm: 4f35f7cbe854078d1ac9338744f61a02 -> 
  custom:container-muxer-webm: aa71ff27fc2769a1b78a27578f13a17b -> 
  custom:video-decoder-webm-vp8: 9c59270c3fd7afecdb556c50c9e8de78 -> 
  custom:SearchIndexIgnoredProperties: e643bd26f0fe6173181afceb89e7c659 -> 
  custom:AudioImporter_EditorPlatform: d09bf68614088b80899f8185d706f6e7 -> 
  custom:video-encoder-webm-vp8: eb34c28f22e8b96e1ab97ce403110664 -> 
  custom:audio-decoder-ogg-vorbis: bf7c407c2cedff20999df2af8eb42d56 -> 
  custom:audio-encoder-webm-vorbis: bf7c407c2cedff20999df2af8eb42d56 -> 
========================================================================
Received Import Request.
  Time since last request: 3882.113730 seconds.
  path: Assets/PolygonSamurai/Textures/Characters_Texture_01.png
  artifactKey: Guid(023f25b440efc7a42a0352ee7464260e) Importer(815301076,1909f56bfc062723c751e8b465ee728b)
Start importing Assets/PolygonSamurai/Textures/Characters_Texture_01.png using Guid(023f25b440efc7a42a0352ee7464260e) Importer(815301076,1909f56bfc062723c751e8b465ee728b) [PhysX] Initialized MultithreadedTaskDispatcher with 16 workers.
[PhysX] Initialized MultithreadedTaskDispatcher with 16 workers.
 -> (artifact id: 'd62aca5436b9cc28507a4d855ef7221f') in 0.069463 seconds
Number of updated asset objects reloaded before import = 0
Number of asset objects unloaded after import = 2
========================================================================
Received Import Request.
  Time since last request: 0.000017 seconds.
  path: Assets/PolygonSamurai/Textures/PolygonSamurai_Emmision_Night.png
  artifactKey: Guid(9430476696fc3204ea56ee7ac65539c8) Importer(815301076,1909f56bfc062723c751e8b465ee728b)
Start importing Assets/PolygonSamurai/Textures/PolygonSamurai_Emmision_Night.png using Guid(9430476696fc3204ea56ee7ac65539c8) Importer(815301076,1909f56bfc062723c751e8b465ee728b) [PhysX] Initialized MultithreadedTaskDispatcher with 16 workers.
[PhysX] Initialized MultithreadedTaskDispatcher with 16 workers.
 -> (artifact id: '18acd714c9cad2f77fe15e7cbe36ac2b') in 0.017473 seconds
Number of updated asset objects reloaded before import = 0
Number of asset objects unloaded after import = 2
========================================================================
Received Import Request.
  Time since last request: 0.000023 seconds.
  path: Assets/PolygonSamurai/Textures/PolygonSamurai_Tex_03.png
  artifactKey: Guid(d0d8bf027b133cd4a94474a9a760f2b0) Importer(815301076,1909f56bfc062723c751e8b465ee728b)
Start importing Assets/PolygonSamurai/Textures/PolygonSamurai_Tex_03.png using Guid(d0d8bf027b133cd4a94474a9a760f2b0) Importer(815301076,1909f56bfc062723c751e8b465ee728b) [PhysX] Initialized MultithreadedTaskDispatcher with 16 workers.
[PhysX] Initialized MultithreadedTaskDispatcher with 16 workers.
 -> (artifact id: '986f52bf69a155c0cd7b02b7e6b2eaf5') in 0.015607 seconds
Number of updated asset objects reloaded before import = 0
Number of asset objects unloaded after import = 2
========================================================================
Received Import Request.
  Time since last request: 0.000028 seconds.
  path: Assets/PolygonSamurai/Textures/PolygonSamurai_Tex_02.png
  artifactKey: Guid(5dc12c55c5128854093642240dd83424) Importer(815301076,1909f56bfc062723c751e8b465ee728b)
Start importing Assets/PolygonSamurai/Textures/PolygonSamurai_Tex_02.png using Guid(5dc12c55c5128854093642240dd83424) Importer(815301076,1909f56bfc062723c751e8b465ee728b) [PhysX] Initialized MultithreadedTaskDispatcher with 16 workers.
[PhysX] Initialized MultithreadedTaskDispatcher with 16 workers.
 -> (artifact id: 'b435c199f72b8516d9f6b11a709c85ba') in 0.023788 seconds
Number of updated asset objects reloaded before import = 0
Number of asset objects unloaded after import = 2
========================================================================
Received Import Request.
  Time since last request: 4.896815 seconds.
  path: Assets/PolygonSamurai/Prefabs/Snow/SM_Env_Snow_Bush_02.prefab
  artifactKey: Guid(0dda1cd863cb53c43a482bdfe27aedd7) Importer(815301076,1909f56bfc062723c751e8b465ee728b)
Start importing Assets/PolygonSamurai/Prefabs/Snow/SM_Env_Snow_Bush_02.prefab using Guid(0dda1cd863cb53c43a482bdfe27aedd7) Importer(815301076,1909f56bfc062723c751e8b465ee728b) [PhysX] Initialized MultithreadedTaskDispatcher with 16 workers.
[PhysX] Initialized MultithreadedTaskDispatcher with 16 workers.
 -> (artifact id: '049b44faa403b7f49388a583fe0d7471') in 0.064463 seconds
Number of updated asset objects reloaded before import = 0
Number of asset objects unloaded after import = 9
========================================================================
Received Import Request.
  Time since last request: 0.000025 seconds.
  path: Assets/PolygonSamurai/Prefabs/Snow/SM_Env_Snow_CropRow_02.prefab
  artifactKey: Guid(d8da24470d0f3d841a3cede9985d0ee2) Importer(815301076,1909f56bfc062723c751e8b465ee728b)
Start importing Assets/PolygonSamurai/Prefabs/Snow/SM_Env_Snow_CropRow_02.prefab using Guid(d8da24470d0f3d841a3cede9985d0ee2) Importer(815301076,1909f56bfc062723c751e8b465ee728b) [PhysX] Initialized MultithreadedTaskDispatcher with 16 workers.
[PhysX] Initialized MultithreadedTaskDispatcher with 16 workers.
 -> (artifact id: '29a17627d78bf9ab2616e3d29c1a2954') in 0.021174 seconds
Number of updated asset objects reloaded before import = 0
Number of asset objects unloaded after import = 11
========================================================================
Received Import Request.
  Time since last request: 0.000020 seconds.
  path: Assets/PolygonSamurai/Prefabs/Snow/SM_Env_Snow_GroundMound_01.prefab
  artifactKey: Guid(647b719a58bf2434789128b75e810cec) Importer(815301076,1909f56bfc062723c751e8b465ee728b)
Start importing Assets/PolygonSamurai/Prefabs/Snow/SM_Env_Snow_GroundMound_01.prefab using Guid(647b719a58bf2434789128b75e810cec) Importer(815301076,1909f56bfc062723c751e8b465ee728b) [PhysX] Initialized MultithreadedTaskDispatcher with 16 workers.
[PhysX] Initialized MultithreadedTaskDispatcher with 16 workers.
 -> (artifact id: 'dc46c60e858070ab2bbb2afe9360ceee') in 0.022870 seconds
Number of updated asset objects reloaded before import = 0
Number of asset objects unloaded after import = 10
========================================================================
Received Import Request.
  Time since last request: 0.000017 seconds.
  path: Assets/PolygonSamurai/Prefabs/Snow/SM_Env_Snow_CropRow_03.prefab
  artifactKey: Guid(bde2753919cf6cd4d8357aeeb4ed30c7) Importer(815301076,1909f56bfc062723c751e8b465ee728b)
Start importing Assets/PolygonSamurai/Prefabs/Snow/SM_Env_Snow_CropRow_03.prefab using Guid(bde2753919cf6cd4d8357aeeb4ed30c7) Importer(815301076,1909f56bfc062723c751e8b465ee728b) [PhysX] Initialized MultithreadedTaskDispatcher with 16 workers.
[PhysX] Initialized MultithreadedTaskDispatcher with 16 workers.
 -> (artifact id: '0b2530c12ff2b0b03e972f98eb4e642f') in 0.027772 seconds
Number of updated asset objects reloaded before import = 0
Number of asset objects unloaded after import = 11
========================================================================
Received Import Request.
  Time since last request: 0.000025 seconds.
  path: Assets/PolygonSamurai/Prefabs/Snow/SM_Env_Snow_GroundMound_02.prefab
  artifactKey: Guid(437277be89472ba418c0ee9346100b4f) Importer(815301076,1909f56bfc062723c751e8b465ee728b)
Start importing Assets/PolygonSamurai/Prefabs/Snow/SM_Env_Snow_GroundMound_02.prefab using Guid(437277be89472ba418c0ee9346100b4f) Importer(815301076,1909f56bfc062723c751e8b465ee728b) [PhysX] Initialized MultithreadedTaskDispatcher with 16 workers.
[PhysX] Initialized MultithreadedTaskDispatcher with 16 workers.
 -> (artifact id: '059a6fb551f7f201612d57e5096907c1') in 0.025191 seconds
Number of updated asset objects reloaded before import = 0
Number of asset objects unloaded after import = 10
========================================================================
Received Import Request.
  Time since last request: 0.000025 seconds.
  path: Assets/PolygonSamurai/Prefabs/Snow/SM_Env_Snow_Flowers_01.prefab
  artifactKey: Guid(0d7ebcaabb1493a46bd5faef538ce558) Importer(815301076,1909f56bfc062723c751e8b465ee728b)
Start importing Assets/PolygonSamurai/Prefabs/Snow/SM_Env_Snow_Flowers_01.prefab using Guid(0d7ebcaabb1493a46bd5faef538ce558) Importer(815301076,1909f56bfc062723c751e8b465ee728b) [PhysX] Initialized MultithreadedTaskDispatcher with 16 workers.
[PhysX] Initialized MultithreadedTaskDispatcher with 16 workers.
 -> (artifact id: 'a3d31067a629423898419eb799f83433') in 0.021960 seconds
Number of updated asset objects reloaded before import = 0
Number of asset objects unloaded after import = 9
========================================================================
Received Import Request.
  Time since last request: 7.264844 seconds.
  path: Assets/PolygonSamurai/Prefabs/Buildings/SM_Bld_Base_Large_02.prefab
  artifactKey: Guid(3834c9054a935a74d854180024f94d5c) Importer(815301076,1909f56bfc062723c751e8b465ee728b)
Start importing Assets/PolygonSamurai/Prefabs/Buildings/SM_Bld_Base_Large_02.prefab using Guid(3834c9054a935a74d854180024f94d5c) Importer(815301076,1909f56bfc062723c751e8b465ee728b) [PhysX] Initialized MultithreadedTaskDispatcher with 16 workers.
[PhysX] Initialized MultithreadedTaskDispatcher with 16 workers.
 -> (artifact id: '63a8250206deec0c8fa512c4265ec807') in 0.018713 seconds
Number of updated asset objects reloaded before import = 0
Number of asset objects unloaded after import = 11
========================================================================
Received Import Request.
  Time since last request: 0.004698 seconds.
  path: Assets/PolygonSamurai/Prefabs/Buildings/SM_Bld_Base_Small_01.prefab
  artifactKey: Guid(5d97185403749104db9499822cf3cce1) Importer(815301076,1909f56bfc062723c751e8b465ee728b)
Start importing Assets/PolygonSamurai/Prefabs/Buildings/SM_Bld_Base_Small_01.prefab using Guid(5d97185403749104db9499822cf3cce1) Importer(815301076,1909f56bfc062723c751e8b465ee728b) [PhysX] Initialized MultithreadedTaskDispatcher with 16 workers.
[PhysX] Initialized MultithreadedTaskDispatcher with 16 workers.
 -> (artifact id: '8211ff6f1f41ade06b70903af2d47dde') in 0.018251 seconds
Number of updated asset objects reloaded before import = 0
Number of asset objects unloaded after import = 11
========================================================================
Received Import Request.
  Time since last request: 0.005180 seconds.
  path: Assets/PolygonSamurai/Prefabs/Buildings/SM_Bld_Block_Stairs_01.prefab
  artifactKey: Guid(fb0fc269003af974a96c22123cc6bea7) Importer(815301076,1909f56bfc062723c751e8b465ee728b)
Start importing Assets/PolygonSamurai/Prefabs/Buildings/SM_Bld_Block_Stairs_01.prefab using Guid(fb0fc269003af974a96c22123cc6bea7) Importer(815301076,1909f56bfc062723c751e8b465ee728b) [PhysX] Initialized MultithreadedTaskDispatcher with 16 workers.
[PhysX] Initialized MultithreadedTaskDispatcher with 16 workers.
 -> (artifact id: 'c4aa215ee8c79f852d1ecb6e81a7af4f') in 0.018359 seconds
Number of updated asset objects reloaded before import = 0
Number of asset objects unloaded after import = 11
========================================================================
Received Import Request.
  Time since last request: 0.004518 seconds.
  path: Assets/PolygonSamurai/Prefabs/Buildings/SM_Bld_Castle_Base_Medium_Blank_01.prefab
  artifactKey: Guid(26dac1563e81bcc4aa3f498adce51412) Importer(815301076,1909f56bfc062723c751e8b465ee728b)
Start importing Assets/PolygonSamurai/Prefabs/Buildings/SM_Bld_Castle_Base_Medium_Blank_01.prefab using Guid(26dac1563e81bcc4aa3f498adce51412) Importer(815301076,1909f56bfc062723c751e8b465ee728b) [PhysX] Initialized MultithreadedTaskDispatcher with 16 workers.
[PhysX] Initialized MultithreadedTaskDispatcher with 16 workers.
 -> (artifact id: 'bf00683e095cdfef511a650e263e939f') in 0.018510 seconds
Number of updated asset objects reloaded before import = 0
Number of asset objects unloaded after import = 10
========================================================================
Received Import Request.
  Time since last request: 0.004549 seconds.
  path: Assets/PolygonSamurai/Prefabs/Buildings/SM_Bld_Castle_Base_Top_01.prefab
  artifactKey: Guid(1c089675afa304646b311cda8f1440c5) Importer(815301076,1909f56bfc062723c751e8b465ee728b)
Start importing Assets/PolygonSamurai/Prefabs/Buildings/SM_Bld_Castle_Base_Top_01.prefab using Guid(1c089675afa304646b311cda8f1440c5) Importer(815301076,1909f56bfc062723c751e8b465ee728b) [PhysX] Initialized MultithreadedTaskDispatcher with 16 workers.
[PhysX] Initialized MultithreadedTaskDispatcher with 16 workers.
 -> (artifact id: '0e54204343a7a5476cc8b72f17828a97') in 0.018598 seconds
Number of updated asset objects reloaded before import = 0
Number of asset objects unloaded after import = 10
========================================================================
Received Import Request.
  Time since last request: 0.004559 seconds.
  path: Assets/PolygonSamurai/Prefabs/Buildings/SM_Bld_Castle_Roof_Large_01.prefab
  artifactKey: Guid(aecbdf391443da846acf2591f7d36eb0) Importer(815301076,1909f56bfc062723c751e8b465ee728b)
Start importing Assets/PolygonSamurai/Prefabs/Buildings/SM_Bld_Castle_Roof_Large_01.prefab using Guid(aecbdf391443da846acf2591f7d36eb0) Importer(815301076,1909f56bfc062723c751e8b465ee728b) [PhysX] Initialized MultithreadedTaskDispatcher with 16 workers.
[PhysX] Initialized MultithreadedTaskDispatcher with 16 workers.
 -> (artifact id: '4ee6cb3b4d21170a198a64c394312330') in 0.018706 seconds
Number of updated asset objects reloaded before import = 0
Number of asset objects unloaded after import = 11
========================================================================
Received Import Request.
  Time since last request: 0.004759 seconds.
  path: Assets/PolygonSamurai/Prefabs/Buildings/SM_Bld_Castle_Window_01.prefab
  artifactKey: Guid(ddf0f3f5585d80249aef4c083c796bf0) Importer(815301076,1909f56bfc062723c751e8b465ee728b)
Start importing Assets/PolygonSamurai/Prefabs/Buildings/SM_Bld_Castle_Window_01.prefab using Guid(ddf0f3f5585d80249aef4c083c796bf0) Importer(815301076,1909f56bfc062723c751e8b465ee728b) [PhysX] Initialized MultithreadedTaskDispatcher with 16 workers.
[PhysX] Initialized MultithreadedTaskDispatcher with 16 workers.
 -> (artifact id: 'fcd1803a5ee027052583ae0bf9f55734') in 0.018569 seconds
Number of updated asset objects reloaded before import = 0
Number of asset objects unloaded after import = 10
========================================================================
Received Import Request.
  Time since last request: 0.004749 seconds.
  path: Assets/PolygonSamurai/Prefabs/Buildings/SM_Bld_House_Addon_04.prefab
  artifactKey: Guid(c60013ba5c1fc534880cec5f2030ec5e) Importer(815301076,1909f56bfc062723c751e8b465ee728b)
Start importing Assets/PolygonSamurai/Prefabs/Buildings/SM_Bld_House_Addon_04.prefab using Guid(c60013ba5c1fc534880cec5f2030ec5e) Importer(815301076,1909f56bfc062723c751e8b465ee728b) [PhysX] Initialized MultithreadedTaskDispatcher with 16 workers.
[PhysX] Initialized MultithreadedTaskDispatcher with 16 workers.
 -> (artifact id: '220a24c24556d67db55ea1862e2565a4') in 0.018405 seconds
Number of updated asset objects reloaded before import = 0
Number of asset objects unloaded after import = 15
========================================================================
Received Import Request.
  Time since last request: 0.004891 seconds.
  path: Assets/PolygonSamurai/Prefabs/Buildings/SM_Bld_House_Base_Long_01.prefab
  artifactKey: Guid(06b5940575014be46abc00d90a2f7df4) Importer(815301076,1909f56bfc062723c751e8b465ee728b)
Start importing Assets/PolygonSamurai/Prefabs/Buildings/SM_Bld_House_Base_Long_01.prefab using Guid(06b5940575014be46abc00d90a2f7df4) Importer(815301076,1909f56bfc062723c751e8b465ee728b) [PhysX] Initialized MultithreadedTaskDispatcher with 16 workers.
[PhysX] Initialized MultithreadedTaskDispatcher with 16 workers.
 -> (artifact id: 'af39ed05b9d1e2c7b6d663f1e585aee6') in 0.019055 seconds
Number of updated asset objects reloaded before import = 0
Number of asset objects unloaded after import = 10
========================================================================
Received Import Request.
  Time since last request: 0.004252 seconds.
  path: Assets/PolygonSamurai/Prefabs/Buildings/SM_Bld_House_Base_Long_Extension_01.prefab
  artifactKey: Guid(f713b9aa69ead174c9746f8ca678ad84) Importer(815301076,1909f56bfc062723c751e8b465ee728b)
Start importing Assets/PolygonSamurai/Prefabs/Buildings/SM_Bld_House_Base_Long_Extension_01.prefab using Guid(f713b9aa69ead174c9746f8ca678ad84) Importer(815301076,1909f56bfc062723c751e8b465ee728b) [PhysX] Initialized MultithreadedTaskDispatcher with 16 workers.
[PhysX] Initialized MultithreadedTaskDispatcher with 16 workers.
 -> (artifact id: '3ce35553557fc4e1f4554175c8bcc210') in 0.018810 seconds
Number of updated asset objects reloaded before import = 0
Number of asset objects unloaded after import = 19
========================================================================
Received Import Request.
  Time since last request: 0.004636 seconds.
  path: Assets/PolygonSamurai/Prefabs/Buildings/SM_Bld_House_Roof_Long_Thatch_01.prefab
  artifactKey: Guid(9c563e2fafcaa1a4ea6a47c025c2c9a9) Importer(815301076,1909f56bfc062723c751e8b465ee728b)
Start importing Assets/PolygonSamurai/Prefabs/Buildings/SM_Bld_House_Roof_Long_Thatch_01.prefab using Guid(9c563e2fafcaa1a4ea6a47c025c2c9a9) Importer(815301076,1909f56bfc062723c751e8b465ee728b) [PhysX] Initialized MultithreadedTaskDispatcher with 16 workers.
[PhysX] Initialized MultithreadedTaskDispatcher with 16 workers.
 -> (artifact id: 'b6a298f39caa48f4b8a1ffd5a49be5cb') in 0.018648 seconds
Number of updated asset objects reloaded before import = 0
Number of asset objects unloaded after import = 13
========================================================================
Received Import Request.
  Time since last request: 0.004429 seconds.
  path: Assets/PolygonSamurai/Prefabs/Buildings/SM_Bld_House_Window_01.prefab
  artifactKey: Guid(fa1b72ee82497344eab0203bae544905) Importer(815301076,1909f56bfc062723c751e8b465ee728b)
Start importing Assets/PolygonSamurai/Prefabs/Buildings/SM_Bld_House_Window_01.prefab using Guid(fa1b72ee82497344eab0203bae544905) Importer(815301076,1909f56bfc062723c751e8b465ee728b) [PhysX] Initialized MultithreadedTaskDispatcher with 16 workers.
[PhysX] Initialized MultithreadedTaskDispatcher with 16 workers.
 -> (artifact id: '24719c9eccbc1c716cdc21bba3524676') in 0.018732 seconds
Number of updated asset objects reloaded before import = 0
Number of asset objects unloaded after import = 10
========================================================================
Received Import Request.
  Time since last request: 0.005017 seconds.
  path: Assets/PolygonSamurai/Prefabs/Buildings/SM_Bld_Platform_Medium_01.prefab
  artifactKey: Guid(a0765575c89fe934f96c0f7c222c6ae0) Importer(815301076,1909f56bfc062723c751e8b465ee728b)
Start importing Assets/PolygonSamurai/Prefabs/Buildings/SM_Bld_Platform_Medium_01.prefab using Guid(a0765575c89fe934f96c0f7c222c6ae0) Importer(815301076,1909f56bfc062723c751e8b465ee728b) [PhysX] Initialized MultithreadedTaskDispatcher with 16 workers.
[PhysX] Initialized MultithreadedTaskDispatcher with 16 workers.
 -> (artifact id: 'd471630753cd6a0d087d2bf6b7be479e') in 0.019353 seconds
Number of updated asset objects reloaded before import = 0
Number of asset objects unloaded after import = 11
========================================================================
Received Import Request.
  Time since last request: 0.004301 seconds.
  path: Assets/PolygonSamurai/Prefabs/Buildings/SM_Bld_Platform_Small_02.prefab
  artifactKey: Guid(d33286896c1effb4cacabc39f187aa0b) Importer(815301076,1909f56bfc062723c751e8b465ee728b)
Start importing Assets/PolygonSamurai/Prefabs/Buildings/SM_Bld_Platform_Small_02.prefab using Guid(d33286896c1effb4cacabc39f187aa0b) Importer(815301076,1909f56bfc062723c751e8b465ee728b) [PhysX] Initialized MultithreadedTaskDispatcher with 16 workers.
[PhysX] Initialized MultithreadedTaskDispatcher with 16 workers.
 -> (artifact id: 'e57afb3e0eaf691ff6bd33b56e2670fe') in 0.018936 seconds
Number of updated asset objects reloaded before import = 0
Number of asset objects unloaded after import = 11
========================================================================
Received Import Request.
  Time since last request: 0.004681 seconds.
  path: Assets/PolygonSamurai/Prefabs/Buildings/SM_Bld_Room_Long_02.prefab
  artifactKey: Guid(3779803d8affb994da10deee9fff242d) Importer(815301076,1909f56bfc062723c751e8b465ee728b)
Start importing Assets/PolygonSamurai/Prefabs/Buildings/SM_Bld_Room_Long_02.prefab using Guid(3779803d8affb994da10deee9fff242d) Importer(815301076,1909f56bfc062723c751e8b465ee728b) [PhysX] Initialized MultithreadedTaskDispatcher with 16 workers.
[PhysX] Initialized MultithreadedTaskDispatcher with 16 workers.
 -> (artifact id: 'ac948892ab27b34e35a779e0c7dcf668') in 0.019060 seconds
Number of updated asset objects reloaded before import = 0
Number of asset objects unloaded after import = 11
========================================================================
Received Import Request.
  Time since last request: 0.004706 seconds.
  path: Assets/PolygonSamurai/Prefabs/Buildings/SM_Bld_Temple_Door_01.prefab
  artifactKey: Guid(ef02785e97f1622418d9373e40f1ff22) Importer(815301076,1909f56bfc062723c751e8b465ee728b)
Start importing Assets/PolygonSamurai/Prefabs/Buildings/SM_Bld_Temple_Door_01.prefab using Guid(ef02785e97f1622418d9373e40f1ff22) Importer(815301076,1909f56bfc062723c751e8b465ee728b) [PhysX] Initialized MultithreadedTaskDispatcher with 16 workers.
[PhysX] Initialized MultithreadedTaskDispatcher with 16 workers.
 -> (artifact id: '21d27d86c3a92047b0b12e8e16fb98e5') in 0.018687 seconds
Number of updated asset objects reloaded before import = 0
Number of asset objects unloaded after import = 15
========================================================================
Received Import Request.
  Time since last request: 0.005582 seconds.
  path: Assets/PolygonSamurai/Prefabs/Buildings/SM_Bld_Temple_Roof_Medium_01.prefab
  artifactKey: Guid(c1d962e6577390c468cff290d6630ec5) Importer(815301076,1909f56bfc062723c751e8b465ee728b)
Start importing Assets/PolygonSamurai/Prefabs/Buildings/SM_Bld_Temple_Roof_Medium_01.prefab using Guid(c1d962e6577390c468cff290d6630ec5) Importer(815301076,1909f56bfc062723c751e8b465ee728b) [PhysX] Initialized MultithreadedTaskDispatcher with 16 workers.
[PhysX] Initialized MultithreadedTaskDispatcher with 16 workers.
 -> (artifact id: 'cdcb7839f94e5d837f201b7af9bbee2c') in 0.019777 seconds
Number of updated asset objects reloaded before import = 0
Number of asset objects unloaded after import = 13
========================================================================
Received Import Request.
  Time since last request: 0.004137 seconds.
  path: Assets/PolygonSamurai/Prefabs/Buildings/SM_Bld_Temple_Window_01.prefab
  artifactKey: Guid(f25b4a661a61f054caf701dbfee90810) Importer(815301076,1909f56bfc062723c751e8b465ee728b)
Start importing Assets/PolygonSamurai/Prefabs/Buildings/SM_Bld_Temple_Window_01.prefab using Guid(f25b4a661a61f054caf701dbfee90810) Importer(815301076,1909f56bfc062723c751e8b465ee728b) [PhysX] Initialized MultithreadedTaskDispatcher with 16 workers.
[PhysX] Initialized MultithreadedTaskDispatcher with 16 workers.
 -> (artifact id: '6de33634ff66bbe95914790fb7df0c0a') in 0.013429 seconds
Number of updated asset objects reloaded before import = 0
Number of asset objects unloaded after import = 10
Editor requested this worker to shutdown with reason: Scaling down because of idle timeout
TcpMessagingSession - receive error: operation aborted. errorcode: 995, details: Der E/A-Vorgang wurde wegen eines Threadendes oder einer Anwendungsanforderung abgebrochen.
AssetImportWorker is now disconnected from the server
Process exiting
Exiting without the bug reporter. Application will terminate with return code 0