Using pre-set license
Built from '2022.3/staging' branch; Version is '2022.3.37f1 (340ba89e4c23) revision 3410856'; Using compiler version '192829333'; Build Type 'Release'
OS: 'Windows 11  (10.0.22631) 64bit Core' Language: 'de' Physical Memory: 15791 MB
BatchMode: 1, IsHumanControllingUs: 0, StartBugReporterOnCrash: 0, Is64bit: 1, IsPro: 1

COMMAND LINE ARGUMENTS:
C:\Program Files\Unity\Hub\Editor\2022.3.37f1\Editor\Unity.exe
-adb2
-batchMode
-noUpm
-name
AssetImportWorker7
-projectPath
D:/Unity WorldBuiling/GithubConnection/WorldBuilding
-logFile
Logs/AssetImportWorker7.log
-srvPort
51274
Successfully changed project path to: D:/Unity WorldBuiling/GithubConnection/WorldBuilding
D:/Unity WorldBuiling/GithubConnection/WorldBuilding
[UnityMemory] Configuration Parameters - Can be set up in boot.config
    "memorysetup-bucket-allocator-granularity=16"
    "memorysetup-bucket-allocator-bucket-count=8"
    "memorysetup-bucket-allocator-block-size=33554432"
    "memorysetup-bucket-allocator-block-count=8"
    "memorysetup-main-allocator-block-size=16777216"
    "memorysetup-thread-allocator-block-size=16777216"
    "memorysetup-gfx-main-allocator-block-size=16777216"
    "memorysetup-gfx-thread-allocator-block-size=16777216"
    "memorysetup-cache-allocator-block-size=4194304"
    "memorysetup-typetree-allocator-block-size=2097152"
    "memorysetup-profiler-bucket-allocator-granularity=16"
    "memorysetup-profiler-bucket-allocator-bucket-count=8"
    "memorysetup-profiler-bucket-allocator-block-size=33554432"
    "memorysetup-profiler-bucket-allocator-block-count=8"
    "memorysetup-profiler-allocator-block-size=16777216"
    "memorysetup-profiler-editor-allocator-block-size=1048576"
    "memorysetup-temp-allocator-size-main=16777216"
    "memorysetup-job-temp-allocator-block-size=2097152"
    "memorysetup-job-temp-allocator-block-size-background=1048576"
    "memorysetup-job-temp-allocator-reduction-small-platforms=262144"
    "memorysetup-allocator-temp-initial-block-size-main=262144"
    "memorysetup-allocator-temp-initial-block-size-worker=262144"
    "memorysetup-temp-allocator-size-background-worker=32768"
    "memorysetup-temp-allocator-size-job-worker=262144"
    "memorysetup-temp-allocator-size-preload-manager=33554432"
    "memorysetup-temp-allocator-size-nav-mesh-worker=65536"
    "memorysetup-temp-allocator-size-audio-worker=65536"
    "memorysetup-temp-allocator-size-cloud-worker=32768"
    "memorysetup-temp-allocator-size-gi-baking-worker=262144"
    "memorysetup-temp-allocator-size-gfx=262144"
Player connection [1684] Host "[IP] 192.168.178.37 [Port] 0 [Flags] 2 [Guid] 443783986 [EditorId] 443783986 [Version] 1048832 [Id] WindowsEditor(7,DESKTOP-MarvinOex) [Debug] 1 [PackageName] WindowsEditor [ProjectName] Editor" joined multi-casting on [225.0.0.222:54997]...

Player connection [1684] Host "[IP] 192.168.178.37 [Port] 0 [Flags] 2 [Guid] 443783986 [EditorId] 443783986 [Version] 1048832 [Id] WindowsEditor(7,DESKTOP-MarvinOex) [Debug] 1 [PackageName] WindowsEditor [ProjectName] Editor" joined alternative multi-casting on [225.0.0.222:34997]...

[PhysX] Initialized MultithreadedTaskDispatcher with 16 workers.
Refreshing native plugins compatible for Editor in 13.90 ms, found 3 plugins.
Preloading 0 native plugins for Editor in 0.00 ms.
Initialize engine version: 2022.3.37f1 (340ba89e4c23)
[Subsystems] Discovering subsystems at path C:/Program Files/Unity/Hub/Editor/2022.3.37f1/Editor/Data/Resources/UnitySubsystems
[Subsystems] Discovering subsystems at path D:/Unity WorldBuiling/GithubConnection/WorldBuilding/Assets
GfxDevice: creating device client; threaded=0; jobified=0
Direct3D:
    Version:  Direct3D 11.0 [level 11.1]
    Renderer: NVIDIA GeForce RTX 3070 Laptop GPU (ID=0x249d)
    Vendor:   NVIDIA
    VRAM:     8020 MB
    Driver:   32.0.15.6603
Initialize mono
Mono path[0] = 'C:/Program Files/Unity/Hub/Editor/2022.3.37f1/Editor/Data/Managed'
Mono path[1] = 'C:/Program Files/Unity/Hub/Editor/2022.3.37f1/Editor/Data/MonoBleedingEdge/lib/mono/unityjit-win32'
Mono config path = 'C:/Program Files/Unity/Hub/Editor/2022.3.37f1/Editor/Data/MonoBleedingEdge/etc'
Using monoOptions --debugger-agent=transport=dt_socket,embedding=1,server=y,suspend=n,address=127.0.0.1:56284
Begin MonoManager ReloadAssembly
Registering precompiled unity dll's ...
Register platform support module: C:/Program Files/Unity/Hub/Editor/2022.3.37f1/Editor/Data/PlaybackEngines/WebGLSupport/UnityEditor.WebGL.Extensions.dll
Register platform support module: C:/Program Files/Unity/Hub/Editor/2022.3.37f1/Editor/Data/PlaybackEngines/WindowsStandaloneSupport/UnityEditor.WindowsStandalone.Extensions.dll
Registered in 0.007927 seconds.
- Loaded All Assemblies, in  0.284 seconds
Native extension for WindowsStandalone target not found
Native extension for WebGL target not found
Mono: successfully reloaded assembly
- Finished resetting the current domain, in  0.220 seconds
Domain Reload Profiling: 503ms
	BeginReloadAssembly (88ms)
		ExecutionOrderSort (0ms)
		DisableScriptedObjects (0ms)
		BackupInstance (0ms)
		ReleaseScriptingObjects (0ms)
		CreateAndSetChildDomain (1ms)
	RebuildCommonClasses (27ms)
	RebuildNativeTypeToScriptingClass (8ms)
	initialDomainReloadingComplete (51ms)
	LoadAllAssembliesAndSetupDomain (110ms)
		LoadAssemblies (86ms)
		RebuildTransferFunctionScriptingTraits (0ms)
		AnalyzeDomain (108ms)
			TypeCache.Refresh (107ms)
				TypeCache.ScanAssembly (97ms)
			ScanForSourceGeneratedMonoScriptInfo (0ms)
			ResolveRequiredComponents (0ms)
	FinalizeReload (221ms)
		ReleaseScriptCaches (0ms)
		RebuildScriptCaches (0ms)
		SetupLoadedEditorAssemblies (175ms)
			LogAssemblyErrors (0ms)
			InitializePlatformSupportModulesInManaged (8ms)
			SetLoadedEditorAssemblies (4ms)
			RefreshPlugins (0ms)
			BeforeProcessingInitializeOnLoad (2ms)
			ProcessInitializeOnLoadAttributes (121ms)
			ProcessInitializeOnLoadMethodAttributes (39ms)
			AfterProcessingInitializeOnLoad (0ms)
			EditorAssembliesLoaded (0ms)
		ExecutionOrderSort2 (0ms)
		AwakeInstancesAfterBackupRestoration (0ms)
========================================================================
Worker process is ready to serve import requests
Begin MonoManager ReloadAssembly
- Loaded All Assemblies, in  0.556 seconds
Refreshing native plugins compatible for Editor in 2.81 ms, found 3 plugins.
Native extension for WindowsStandalone target not found
Native extension for WebGL target not found
Package Manager log level set to [2]
[Package Manager] Server::EnsureServerProcessIsRunning -- launch failed, reason: Unity was launched with the -noUpm command-line argument
[Package Manager] UpmClient::Send -- Unable to send message (not connected to UPM process).
[Package Manager] Cannot connect to Unity Package Manager local server
Mono: successfully reloaded assembly
- Finished resetting the current domain, in  0.556 seconds
Domain Reload Profiling: 1110ms
	BeginReloadAssembly (133ms)
		ExecutionOrderSort (0ms)
		DisableScriptedObjects (4ms)
		BackupInstance (0ms)
		ReleaseScriptingObjects (0ms)
		CreateAndSetChildDomain (20ms)
	RebuildCommonClasses (27ms)
	RebuildNativeTypeToScriptingClass (8ms)
	initialDomainReloadingComplete (36ms)
	LoadAllAssembliesAndSetupDomain (349ms)
		LoadAssemblies (282ms)
		RebuildTransferFunctionScriptingTraits (0ms)
		AnalyzeDomain (148ms)
			TypeCache.Refresh (129ms)
				TypeCache.ScanAssembly (114ms)
			ScanForSourceGeneratedMonoScriptInfo (13ms)
			ResolveRequiredComponents (4ms)
	FinalizeReload (556ms)
		ReleaseScriptCaches (0ms)
		RebuildScriptCaches (0ms)
		SetupLoadedEditorAssemblies (432ms)
			LogAssemblyErrors (0ms)
			InitializePlatformSupportModulesInManaged (6ms)
			SetLoadedEditorAssemblies (2ms)
			RefreshPlugins (0ms)
			BeforeProcessingInitializeOnLoad (49ms)
			ProcessInitializeOnLoadAttributes (348ms)
			ProcessInitializeOnLoadMethodAttributes (21ms)
			AfterProcessingInitializeOnLoad (7ms)
			EditorAssembliesLoaded (0ms)
		ExecutionOrderSort2 (0ms)
		AwakeInstancesAfterBackupRestoration (5ms)
Launched and connected shader compiler UnityShaderCompiler.exe after 0.05 seconds
Refreshing native plugins compatible for Editor in 4.90 ms, found 3 plugins.
Preloading 0 native plugins for Editor in 0.00 ms.
Unloading 3556 Unused Serialized files (Serialized files now loaded: 0)
Unloading 40 unused Assets / (58.2 KB). Loaded Objects now: 4018.
Memory consumption went from 135.3 MB to 135.2 MB.
Total: 3.438900 ms (FindLiveObjects: 0.362900 ms CreateObjectMapping: 0.127400 ms MarkObjects: 2.838700 ms  DeleteObjects: 0.108700 ms)

AssetImportParameters requested are different than current active one (requested -> active):
  custom:container-demuxer-ogg: 62fdf1f143b41e24485cea50d1cbac27 -> 
  custom:video-decoder-ogg-theora: a1e56fd34408186e4bbccfd4996cb3dc -> 
  custom:framework-win-MediaFoundation: 216162199b28c13a410421893ffa2e32 -> 
  custom:scripting/monoscript/fileName/Porgramming_24_10_08.cs: 4e46254cc23d73b26ea011946340580d -> 
  custom:CustomObjectIndexerAttribute: 9a22284fe3817be447336de3de66b15e -> 
  custom:container-demuxer-webm: 4f35f7cbe854078d1ac9338744f61a02 -> 
  custom:container-muxer-webm: aa71ff27fc2769a1b78a27578f13a17b -> 
  custom:video-decoder-webm-vp8: 9c59270c3fd7afecdb556c50c9e8de78 -> 
  custom:SearchIndexIgnoredProperties: e643bd26f0fe6173181afceb89e7c659 -> 
  custom:AudioImporter_EditorPlatform: d09bf68614088b80899f8185d706f6e7 -> 
  custom:video-encoder-webm-vp8: eb34c28f22e8b96e1ab97ce403110664 -> 
  custom:audio-decoder-ogg-vorbis: bf7c407c2cedff20999df2af8eb42d56 -> 
  custom:audio-encoder-webm-vorbis: bf7c407c2cedff20999df2af8eb42d56 -> 
========================================================================
Received Import Request.
  Time since last request: 3882.114235 seconds.
  path: Assets/PolygonSamurai/Textures/Characters_Texture_02.png
  artifactKey: Guid(0f0a3e20c1fa73c498e81e6c4ad76d52) Importer(815301076,1909f56bfc062723c751e8b465ee728b)
Start importing Assets/PolygonSamurai/Textures/Characters_Texture_02.png using Guid(0f0a3e20c1fa73c498e81e6c4ad76d52) Importer(815301076,1909f56bfc062723c751e8b465ee728b) [PhysX] Initialized MultithreadedTaskDispatcher with 16 workers.
[PhysX] Initialized MultithreadedTaskDispatcher with 16 workers.
 -> (artifact id: 'f03f45877836421ed39b751dba20407d') in 0.069069 seconds
Number of updated asset objects reloaded before import = 0
Number of asset objects unloaded after import = 2
========================================================================
Received Import Request.
  Time since last request: 0.000021 seconds.
  path: Assets/PolygonSamurai/Textures/Characters_Texture_03.png
  artifactKey: Guid(41ac08dd23d0c8649897f02aca9b74c3) Importer(815301076,1909f56bfc062723c751e8b465ee728b)
Start importing Assets/PolygonSamurai/Textures/Characters_Texture_03.png using Guid(41ac08dd23d0c8649897f02aca9b74c3) Importer(815301076,1909f56bfc062723c751e8b465ee728b) [PhysX] Initialized MultithreadedTaskDispatcher with 16 workers.
[PhysX] Initialized MultithreadedTaskDispatcher with 16 workers.
 -> (artifact id: '7416396b227d6b08725decf3ad889d1d') in 0.017413 seconds
Number of updated asset objects reloaded before import = 0
Number of asset objects unloaded after import = 2
========================================================================
Received Import Request.
  Time since last request: 0.000023 seconds.
  path: Assets/PolygonSamurai/Textures/PolygonSamurai_Tex_01.png
  artifactKey: Guid(57fee65f3ac7eb64e874d0c659e718ab) Importer(815301076,1909f56bfc062723c751e8b465ee728b)
Start importing Assets/PolygonSamurai/Textures/PolygonSamurai_Tex_01.png using Guid(57fee65f3ac7eb64e874d0c659e718ab) Importer(815301076,1909f56bfc062723c751e8b465ee728b) [PhysX] Initialized MultithreadedTaskDispatcher with 16 workers.
[PhysX] Initialized MultithreadedTaskDispatcher with 16 workers.
 -> (artifact id: '7595fc3e5b12226593947b9fab4c4842') in 0.014178 seconds
Number of updated asset objects reloaded before import = 0
Number of asset objects unloaded after import = 2
========================================================================
Received Import Request.
  Time since last request: 0.000033 seconds.
  path: Assets/PolygonSamurai/Textures/PolygonSamurai_Tex_04.png
  artifactKey: Guid(f37027a7baf844d41b58d162d542e902) Importer(815301076,1909f56bfc062723c751e8b465ee728b)
Start importing Assets/PolygonSamurai/Textures/PolygonSamurai_Tex_04.png using Guid(f37027a7baf844d41b58d162d542e902) Importer(815301076,1909f56bfc062723c751e8b465ee728b) [PhysX] Initialized MultithreadedTaskDispatcher with 16 workers.
[PhysX] Initialized MultithreadedTaskDispatcher with 16 workers.
 -> (artifact id: 'b46435b8fe55028e2833a01fb2565345') in 0.018487 seconds
Number of updated asset objects reloaded before import = 0
Number of asset objects unloaded after import = 2
========================================================================
Received Import Request.
  Time since last request: 4.914240 seconds.
  path: Assets/PolygonSamurai/Prefabs/Snow/SM_Env_Snow_Cliff_01.prefab
  artifactKey: Guid(8566795d609550c4787f761afaf0abb6) Importer(815301076,1909f56bfc062723c751e8b465ee728b)
Start importing Assets/PolygonSamurai/Prefabs/Snow/SM_Env_Snow_Cliff_01.prefab using Guid(8566795d609550c4787f761afaf0abb6) Importer(815301076,1909f56bfc062723c751e8b465ee728b) [PhysX] Initialized MultithreadedTaskDispatcher with 16 workers.
[PhysX] Initialized MultithreadedTaskDispatcher with 16 workers.
 -> (artifact id: '21e8d02c657d1412f08b92990c5abd00') in 0.068756 seconds
Number of updated asset objects reloaded before import = 0
Number of asset objects unloaded after import = 11
========================================================================
Received Import Request.
  Time since last request: 0.000026 seconds.
  path: Assets/PolygonSamurai/Prefabs/Snow/SM_Env_Snow_DirtPath_01.prefab
  artifactKey: Guid(feab504d9437e5d4295f723466661538) Importer(815301076,1909f56bfc062723c751e8b465ee728b)
Start importing Assets/PolygonSamurai/Prefabs/Snow/SM_Env_Snow_DirtPath_01.prefab using Guid(feab504d9437e5d4295f723466661538) Importer(815301076,1909f56bfc062723c751e8b465ee728b) [PhysX] Initialized MultithreadedTaskDispatcher with 16 workers.
[PhysX] Initialized MultithreadedTaskDispatcher with 16 workers.
 -> (artifact id: '55894ce78eb8c94800ab90c50d49c9dc') in 0.026770 seconds
Number of updated asset objects reloaded before import = 0
Number of asset objects unloaded after import = 10
========================================================================
Received Import Request.
  Time since last request: 0.000020 seconds.
  path: Assets/PolygonSamurai/Prefabs/Snow/SM_Env_Snow_DirtPath_02.prefab
  artifactKey: Guid(feda4b49c3c814b46aee9038cb6e4c42) Importer(815301076,1909f56bfc062723c751e8b465ee728b)
Start importing Assets/PolygonSamurai/Prefabs/Snow/SM_Env_Snow_DirtPath_02.prefab using Guid(feda4b49c3c814b46aee9038cb6e4c42) Importer(815301076,1909f56bfc062723c751e8b465ee728b) [PhysX] Initialized MultithreadedTaskDispatcher with 16 workers.
[PhysX] Initialized MultithreadedTaskDispatcher with 16 workers.
 -> (artifact id: '9a808f6e27f5440990b2735bab7b14fa') in 0.022734 seconds
Number of updated asset objects reloaded before import = 0
Number of asset objects unloaded after import = 10
========================================================================
Received Import Request.
  Time since last request: 0.000025 seconds.
  path: Assets/PolygonSamurai/Prefabs/Snow/SM_Env_Snow_DirtPath_03.prefab
  artifactKey: Guid(1f2e65945cb7d234b988343f441134d8) Importer(815301076,1909f56bfc062723c751e8b465ee728b)
Start importing Assets/PolygonSamurai/Prefabs/Snow/SM_Env_Snow_DirtPath_03.prefab using Guid(1f2e65945cb7d234b988343f441134d8) Importer(815301076,1909f56bfc062723c751e8b465ee728b) [PhysX] Initialized MultithreadedTaskDispatcher with 16 workers.
[PhysX] Initialized MultithreadedTaskDispatcher with 16 workers.
 -> (artifact id: '68f86b395b758becd56096d2411ad473') in 0.033254 seconds
Number of updated asset objects reloaded before import = 0
Number of asset objects unloaded after import = 10
========================================================================
Received Import Request.
  Time since last request: 7.299181 seconds.
  path: Assets/PolygonSamurai/Prefabs/Buildings/SM_Bld_Base_Large_Door_01.prefab
  artifactKey: Guid(06db2d80c5833ef4999276814ed8b714) Importer(815301076,1909f56bfc062723c751e8b465ee728b)
Start importing Assets/PolygonSamurai/Prefabs/Buildings/SM_Bld_Base_Large_Door_01.prefab using Guid(06db2d80c5833ef4999276814ed8b714) Importer(815301076,1909f56bfc062723c751e8b465ee728b) [PhysX] Initialized MultithreadedTaskDispatcher with 16 workers.
[PhysX] Initialized MultithreadedTaskDispatcher with 16 workers.
 -> (artifact id: '95bb94f090e4f8cac97c6365116bbf01') in 0.018423 seconds
Number of updated asset objects reloaded before import = 0
Number of asset objects unloaded after import = 10
========================================================================
Received Import Request.
  Time since last request: 0.003967 seconds.
  path: Assets/PolygonSamurai/Prefabs/Buildings/SM_Bld_Block_01.prefab
  artifactKey: Guid(9b03bcaec6bdf4a419f2aca4afd239c9) Importer(815301076,1909f56bfc062723c751e8b465ee728b)
Start importing Assets/PolygonSamurai/Prefabs/Buildings/SM_Bld_Block_01.prefab using Guid(9b03bcaec6bdf4a419f2aca4afd239c9) Importer(815301076,1909f56bfc062723c751e8b465ee728b) [PhysX] Initialized MultithreadedTaskDispatcher with 16 workers.
[PhysX] Initialized MultithreadedTaskDispatcher with 16 workers.
 -> (artifact id: '22952faae704a07568395b948e8589b3') in 0.019014 seconds
Number of updated asset objects reloaded before import = 0
Number of asset objects unloaded after import = 11
========================================================================
Received Import Request.
  Time since last request: 0.004949 seconds.
  path: Assets/PolygonSamurai/Prefabs/Buildings/SM_Bld_Castle_Base_Large_Blank_01.prefab
  artifactKey: Guid(e4416a7a3b6780544ac50da435a7a34d) Importer(815301076,1909f56bfc062723c751e8b465ee728b)
Start importing Assets/PolygonSamurai/Prefabs/Buildings/SM_Bld_Castle_Base_Large_Blank_01.prefab using Guid(e4416a7a3b6780544ac50da435a7a34d) Importer(815301076,1909f56bfc062723c751e8b465ee728b) [PhysX] Initialized MultithreadedTaskDispatcher with 16 workers.
[PhysX] Initialized MultithreadedTaskDispatcher with 16 workers.
 -> (artifact id: '620b0b6cc0191a6a78da09ded42a4ec8') in 0.018083 seconds
Number of updated asset objects reloaded before import = 0
Number of asset objects unloaded after import = 10
========================================================================
Received Import Request.
  Time since last request: 0.004517 seconds.
  path: Assets/PolygonSamurai/Prefabs/Buildings/SM_Bld_Castle_Base_Small_Blank_01.prefab
  artifactKey: Guid(faaecdff74858d849a5c8debbf6b33ee) Importer(815301076,1909f56bfc062723c751e8b465ee728b)
Start importing Assets/PolygonSamurai/Prefabs/Buildings/SM_Bld_Castle_Base_Small_Blank_01.prefab using Guid(faaecdff74858d849a5c8debbf6b33ee) Importer(815301076,1909f56bfc062723c751e8b465ee728b) [PhysX] Initialized MultithreadedTaskDispatcher with 16 workers.
[PhysX] Initialized MultithreadedTaskDispatcher with 16 workers.
 -> (artifact id: '0e6d2a5640dc509e824614f903b5fc3a') in 0.017877 seconds
Number of updated asset objects reloaded before import = 0
Number of asset objects unloaded after import = 10
========================================================================
Received Import Request.
  Time since last request: 0.004677 seconds.
  path: Assets/PolygonSamurai/Prefabs/Buildings/SM_Bld_Castle_Roof_Addon_01.prefab
  artifactKey: Guid(8fa99d5b539a1cf47b996905395e2839) Importer(815301076,1909f56bfc062723c751e8b465ee728b)
Start importing Assets/PolygonSamurai/Prefabs/Buildings/SM_Bld_Castle_Roof_Addon_01.prefab using Guid(8fa99d5b539a1cf47b996905395e2839) Importer(815301076,1909f56bfc062723c751e8b465ee728b) [PhysX] Initialized MultithreadedTaskDispatcher with 16 workers.
[PhysX] Initialized MultithreadedTaskDispatcher with 16 workers.
 -> (artifact id: '5a0e274461ca7f978caed6f33f4360e5') in 0.018678 seconds
Number of updated asset objects reloaded before import = 0
Number of asset objects unloaded after import = 11
========================================================================
Received Import Request.
  Time since last request: 0.004509 seconds.
  path: Assets/PolygonSamurai/Prefabs/Buildings/SM_Bld_Castle_Roof_Small_01.prefab
  artifactKey: Guid(a02c45a95d41ce34f8cfb42e0f9ae249) Importer(815301076,1909f56bfc062723c751e8b465ee728b)
Start importing Assets/PolygonSamurai/Prefabs/Buildings/SM_Bld_Castle_Roof_Small_01.prefab using Guid(a02c45a95d41ce34f8cfb42e0f9ae249) Importer(815301076,1909f56bfc062723c751e8b465ee728b) [PhysX] Initialized MultithreadedTaskDispatcher with 16 workers.
[PhysX] Initialized MultithreadedTaskDispatcher with 16 workers.
 -> (artifact id: '440500c112a4bfb17f06c0ca330f9e9a') in 0.018649 seconds
Number of updated asset objects reloaded before import = 0
Number of asset objects unloaded after import = 11
========================================================================
Received Import Request.
  Time since last request: 0.004965 seconds.
  path: Assets/PolygonSamurai/Prefabs/Buildings/SM_Bld_House_Addon_02.prefab
  artifactKey: Guid(f40a83cfa3c5d8c4d955d7e76fb0193e) Importer(815301076,1909f56bfc062723c751e8b465ee728b)
Start importing Assets/PolygonSamurai/Prefabs/Buildings/SM_Bld_House_Addon_02.prefab using Guid(f40a83cfa3c5d8c4d955d7e76fb0193e) Importer(815301076,1909f56bfc062723c751e8b465ee728b) [PhysX] Initialized MultithreadedTaskDispatcher with 16 workers.
[PhysX] Initialized MultithreadedTaskDispatcher with 16 workers.
 -> (artifact id: '2355f5569f1a28f7daba6d55046b4b72') in 0.018222 seconds
Number of updated asset objects reloaded before import = 0
Number of asset objects unloaded after import = 11
========================================================================
Received Import Request.
  Time since last request: 0.004084 seconds.
  path: Assets/PolygonSamurai/Prefabs/Buildings/SM_Bld_House_Base_02.prefab
  artifactKey: Guid(4109edd8a1bd35e4eb35249f1b4faf16) Importer(815301076,1909f56bfc062723c751e8b465ee728b)
Start importing Assets/PolygonSamurai/Prefabs/Buildings/SM_Bld_House_Base_02.prefab using Guid(4109edd8a1bd35e4eb35249f1b4faf16) Importer(815301076,1909f56bfc062723c751e8b465ee728b) [PhysX] Initialized MultithreadedTaskDispatcher with 16 workers.
[PhysX] Initialized MultithreadedTaskDispatcher with 16 workers.
 -> (artifact id: 'f927c58e238121fce0bdc431f054d945') in 0.019155 seconds
Number of updated asset objects reloaded before import = 0
Number of asset objects unloaded after import = 10
========================================================================
Received Import Request.
  Time since last request: 0.004355 seconds.
  path: Assets/PolygonSamurai/Prefabs/Buildings/SM_Bld_House_Base_Long_03.prefab
  artifactKey: Guid(30381a8288ab1ad4e94052056e11cab2) Importer(815301076,1909f56bfc062723c751e8b465ee728b)
Start importing Assets/PolygonSamurai/Prefabs/Buildings/SM_Bld_House_Base_Long_03.prefab using Guid(30381a8288ab1ad4e94052056e11cab2) Importer(815301076,1909f56bfc062723c751e8b465ee728b) [PhysX] Initialized MultithreadedTaskDispatcher with 16 workers.
[PhysX] Initialized MultithreadedTaskDispatcher with 16 workers.
 -> (artifact id: '9a71e239e0e73386312ffaef86f47162') in 0.018786 seconds
Number of updated asset objects reloaded before import = 0
Number of asset objects unloaded after import = 10
========================================================================
Received Import Request.
  Time since last request: 0.004785 seconds.
  path: Assets/PolygonSamurai/Prefabs/Buildings/SM_Bld_House_Door_01.prefab
  artifactKey: Guid(c6a19095e93f3f7458c25d3a054eec26) Importer(815301076,1909f56bfc062723c751e8b465ee728b)
Start importing Assets/PolygonSamurai/Prefabs/Buildings/SM_Bld_House_Door_01.prefab using Guid(c6a19095e93f3f7458c25d3a054eec26) Importer(815301076,1909f56bfc062723c751e8b465ee728b) [PhysX] Initialized MultithreadedTaskDispatcher with 16 workers.
[PhysX] Initialized MultithreadedTaskDispatcher with 16 workers.
 -> (artifact id: 'edb466545bf09e6da19446b3cebac2be') in 0.018834 seconds
Number of updated asset objects reloaded before import = 0
Number of asset objects unloaded after import = 10
========================================================================
Received Import Request.
  Time since last request: 0.004727 seconds.
  path: Assets/PolygonSamurai/Prefabs/Buildings/SM_Bld_House_Roof_Thatch_01.prefab
  artifactKey: Guid(09e86f5d0f712444db69ad8fd8734751) Importer(815301076,1909f56bfc062723c751e8b465ee728b)
Start importing Assets/PolygonSamurai/Prefabs/Buildings/SM_Bld_House_Roof_Thatch_01.prefab using Guid(09e86f5d0f712444db69ad8fd8734751) Importer(815301076,1909f56bfc062723c751e8b465ee728b) [PhysX] Initialized MultithreadedTaskDispatcher with 16 workers.
[PhysX] Initialized MultithreadedTaskDispatcher with 16 workers.
 -> (artifact id: '451a0697fba0068c79eefd5d4cb97718') in 0.018463 seconds
Number of updated asset objects reloaded before import = 0
Number of asset objects unloaded after import = 13
========================================================================
Received Import Request.
  Time since last request: 0.005336 seconds.
  path: Assets/PolygonSamurai/Prefabs/Buildings/SM_Bld_Platform_Large_02.prefab
  artifactKey: Guid(27cd38c74c2103b43bedd9cd319a6fed) Importer(815301076,1909f56bfc062723c751e8b465ee728b)
Start importing Assets/PolygonSamurai/Prefabs/Buildings/SM_Bld_Platform_Large_02.prefab using Guid(27cd38c74c2103b43bedd9cd319a6fed) Importer(815301076,1909f56bfc062723c751e8b465ee728b) [PhysX] Initialized MultithreadedTaskDispatcher with 16 workers.
[PhysX] Initialized MultithreadedTaskDispatcher with 16 workers.
 -> (artifact id: 'acc818c35554169190cdba2612b0b948') in 0.018754 seconds
Number of updated asset objects reloaded before import = 0
Number of asset objects unloaded after import = 11
========================================================================
Received Import Request.
  Time since last request: 0.004932 seconds.
  path: Assets/PolygonSamurai/Prefabs/Buildings/SM_Bld_Platform_Medium_Legs_01.prefab
  artifactKey: Guid(d40faffdf22b9d04a829934954090fb2) Importer(815301076,1909f56bfc062723c751e8b465ee728b)
Start importing Assets/PolygonSamurai/Prefabs/Buildings/SM_Bld_Platform_Medium_Legs_01.prefab using Guid(d40faffdf22b9d04a829934954090fb2) Importer(815301076,1909f56bfc062723c751e8b465ee728b) [PhysX] Initialized MultithreadedTaskDispatcher with 16 workers.
[PhysX] Initialized MultithreadedTaskDispatcher with 16 workers.
 -> (artifact id: 'fa5ad11f873d84c1d890ad648b1fea74') in 0.018739 seconds
Number of updated asset objects reloaded before import = 0
Number of asset objects unloaded after import = 11
========================================================================
Received Import Request.
  Time since last request: 0.005001 seconds.
  path: Assets/PolygonSamurai/Prefabs/Buildings/SM_Bld_Platform_Stairs_01.prefab
  artifactKey: Guid(99e3ebc3e2ebe3a45a46b234fd7dcc28) Importer(815301076,1909f56bfc062723c751e8b465ee728b)
Start importing Assets/PolygonSamurai/Prefabs/Buildings/SM_Bld_Platform_Stairs_01.prefab using Guid(99e3ebc3e2ebe3a45a46b234fd7dcc28) Importer(815301076,1909f56bfc062723c751e8b465ee728b) [PhysX] Initialized MultithreadedTaskDispatcher with 16 workers.
[PhysX] Initialized MultithreadedTaskDispatcher with 16 workers.
 -> (artifact id: 'd0b8d29ee348419605a7e17a7d30f346') in 0.018256 seconds
Number of updated asset objects reloaded before import = 0
Number of asset objects unloaded after import = 11
========================================================================
Received Import Request.
  Time since last request: 0.005520 seconds.
  path: Assets/PolygonSamurai/Prefabs/Buildings/SM_Bld_Temple_Base_Medium_01.prefab
  artifactKey: Guid(49dac9b56344a524ea8fb0f3b432c1c9) Importer(815301076,1909f56bfc062723c751e8b465ee728b)
Start importing Assets/PolygonSamurai/Prefabs/Buildings/SM_Bld_Temple_Base_Medium_01.prefab using Guid(49dac9b56344a524ea8fb0f3b432c1c9) Importer(815301076,1909f56bfc062723c751e8b465ee728b) [PhysX] Initialized MultithreadedTaskDispatcher with 16 workers.
[PhysX] Initialized MultithreadedTaskDispatcher with 16 workers.
 -> (artifact id: 'deea285922ee0b9ea40451dc5234381b') in 0.019131 seconds
Number of updated asset objects reloaded before import = 0
Number of asset objects unloaded after import = 10
========================================================================
Received Import Request.
  Time since last request: 0.004985 seconds.
  path: Assets/PolygonSamurai/Prefabs/Buildings/SM_Bld_Temple_Roof_Addon_01.prefab
  artifactKey: Guid(f4861bc0e0448844492fc3e475bbe482) Importer(815301076,1909f56bfc062723c751e8b465ee728b)
Start importing Assets/PolygonSamurai/Prefabs/Buildings/SM_Bld_Temple_Roof_Addon_01.prefab using Guid(f4861bc0e0448844492fc3e475bbe482) Importer(815301076,1909f56bfc062723c751e8b465ee728b) [PhysX] Initialized MultithreadedTaskDispatcher with 16 workers.
[PhysX] Initialized MultithreadedTaskDispatcher with 16 workers.
 -> (artifact id: '515ffbef2ae5e950e981bf7a7775f89b') in 0.019057 seconds
Number of updated asset objects reloaded before import = 0
Number of asset objects unloaded after import = 13
========================================================================
Received Import Request.
  Time since last request: 0.004963 seconds.
  path: Assets/PolygonSamurai/Prefabs/Buildings/SM_Bld_Temple_Roof_Small_02.prefab
  artifactKey: Guid(80b9c5a722593c54ba5274472cec3e9c) Importer(815301076,1909f56bfc062723c751e8b465ee728b)
Start importing Assets/PolygonSamurai/Prefabs/Buildings/SM_Bld_Temple_Roof_Small_02.prefab using Guid(80b9c5a722593c54ba5274472cec3e9c) Importer(815301076,1909f56bfc062723c751e8b465ee728b) [PhysX] Initialized MultithreadedTaskDispatcher with 16 workers.
[PhysX] Initialized MultithreadedTaskDispatcher with 16 workers.
 -> (artifact id: 'b88c33852d7834b8da9a2098cf04d508') in 0.020106 seconds
Number of updated asset objects reloaded before import = 0
Number of asset objects unloaded after import = 13
========================================================================
Received Import Request.
  Time since last request: 0.004008 seconds.
  path: Assets/PolygonSamurai/Prefabs/Buildings/SM_Bld_Tower_02.prefab
  artifactKey: Guid(744bd8f214e14224db7d621250dd64be) Importer(815301076,1909f56bfc062723c751e8b465ee728b)
Start importing Assets/PolygonSamurai/Prefabs/Buildings/SM_Bld_Tower_02.prefab using Guid(744bd8f214e14224db7d621250dd64be) Importer(815301076,1909f56bfc062723c751e8b465ee728b) [PhysX] Initialized MultithreadedTaskDispatcher with 16 workers.
[PhysX] Initialized MultithreadedTaskDispatcher with 16 workers.
 -> (artifact id: '9b735b9c045dbf7519ffa6c72020a622') in 0.022003 seconds
Number of updated asset objects reloaded before import = 0
Number of asset objects unloaded after import = 13
========================================================================
Received Import Request.
  Time since last request: 481.171175 seconds.
  path: Assets/PolygonSamurai/Prefabs/Props/SM_Prop_Statue_Lion_02.prefab
  artifactKey: Guid(fa861eb01830e9947a3966355fb0b3e5) Importer(815301076,1909f56bfc062723c751e8b465ee728b)
Start importing Assets/PolygonSamurai/Prefabs/Props/SM_Prop_Statue_Lion_02.prefab using Guid(fa861eb01830e9947a3966355fb0b3e5) Importer(815301076,1909f56bfc062723c751e8b465ee728b) [PhysX] Initialized MultithreadedTaskDispatcher with 16 workers.
[PhysX] Initialized MultithreadedTaskDispatcher with 16 workers.
 -> (artifact id: 'ecac86b7deb9ed4ab9d5f357e357b3ca') in 0.018293 seconds
Number of updated asset objects reloaded before import = 0
Number of asset objects unloaded after import = 11
========================================================================
Received Import Request.
  Time since last request: 267.398919 seconds.
  path: Assets/PolygonSamurai/Models/SM_Env_FarmTerrace_03.fbx
  artifactKey: Guid(a5cb641d7f53e0c4dbd0e1b1596e069f) Importer(815301076,1909f56bfc062723c751e8b465ee728b)
Start importing Assets/PolygonSamurai/Models/SM_Env_FarmTerrace_03.fbx using Guid(a5cb641d7f53e0c4dbd0e1b1596e069f) Importer(815301076,1909f56bfc062723c751e8b465ee728b) [PhysX] Initialized MultithreadedTaskDispatcher with 16 workers.
[PhysX] Initialized MultithreadedTaskDispatcher with 16 workers.
[PhysX] Initialized MultithreadedTaskDispatcher with 16 workers.
 -> (artifact id: '48fd42e1ce38667a7df5244f69f1d165') in 0.124241 seconds
Number of updated asset objects reloaded before import = 0
Number of asset objects unloaded after import = 7
========================================================================
Received Import Request.
  Time since last request: 0.000020 seconds.
  path: Assets/PolygonSamurai/Models/SM_Env_GroundMound_03.fbx
  artifactKey: Guid(cd5474647a365754a85c81ead1e8b565) Importer(815301076,1909f56bfc062723c751e8b465ee728b)
Start importing Assets/PolygonSamurai/Models/SM_Env_GroundMound_03.fbx using Guid(cd5474647a365754a85c81ead1e8b565) Importer(815301076,1909f56bfc062723c751e8b465ee728b) [PhysX] Initialized MultithreadedTaskDispatcher with 16 workers.
[PhysX] Initialized MultithreadedTaskDispatcher with 16 workers.
[PhysX] Initialized MultithreadedTaskDispatcher with 16 workers.
 -> (artifact id: 'c5747f0886f93da05d2fa1a25aa9b14a') in 0.016479 seconds
Number of updated asset objects reloaded before import = 0
Number of asset objects unloaded after import = 7
========================================================================
Received Import Request.
  Time since last request: 0.000032 seconds.
  path: Assets/PolygonSamurai/Models/SM_Env_Fuji_01.fbx
  artifactKey: Guid(eeb045ffa6a437c4287686ab95f9bf75) Importer(815301076,1909f56bfc062723c751e8b465ee728b)
Start importing Assets/PolygonSamurai/Models/SM_Env_Fuji_01.fbx using Guid(eeb045ffa6a437c4287686ab95f9bf75) Importer(815301076,1909f56bfc062723c751e8b465ee728b) [PhysX] Initialized MultithreadedTaskDispatcher with 16 workers.
[PhysX] Initialized MultithreadedTaskDispatcher with 16 workers.
[PhysX] Initialized MultithreadedTaskDispatcher with 16 workers.
 -> (artifact id: 'd2bc83476d4dd08aadf6e48141b2a450') in 0.019938 seconds
Number of updated asset objects reloaded before import = 0
Number of asset objects unloaded after import = 7
========================================================================
Received Import Request.
  Time since last request: 0.000023 seconds.
  path: Assets/PolygonSamurai/Models/SM_Env_FarmTerrace_04.fbx
  artifactKey: Guid(f984da8b513792041a4d7de5fff1ec5f) Importer(815301076,1909f56bfc062723c751e8b465ee728b)
Start importing Assets/PolygonSamurai/Models/SM_Env_FarmTerrace_04.fbx using Guid(f984da8b513792041a4d7de5fff1ec5f) Importer(815301076,1909f56bfc062723c751e8b465ee728b) [PhysX] Initialized MultithreadedTaskDispatcher with 16 workers.
[PhysX] Initialized MultithreadedTaskDispatcher with 16 workers.
[PhysX] Initialized MultithreadedTaskDispatcher with 16 workers.
 -> (artifact id: 'ac4e3e4c457ad800036aadf2d839105e') in 0.026502 seconds
Number of updated asset objects reloaded before import = 0
Number of asset objects unloaded after import = 7
========================================================================
Received Import Request.
  Time since last request: 0.000020 seconds.
  path: Assets/PolygonSamurai/Models/SM_Env_GroundMound_01.fbx
  artifactKey: Guid(ff0df8b93dc758d42b2b21c28cd435c0) Importer(815301076,1909f56bfc062723c751e8b465ee728b)
Start importing Assets/PolygonSamurai/Models/SM_Env_GroundMound_01.fbx using Guid(ff0df8b93dc758d42b2b21c28cd435c0) Importer(815301076,1909f56bfc062723c751e8b465ee728b) [PhysX] Initialized MultithreadedTaskDispatcher with 16 workers.
[PhysX] Initialized MultithreadedTaskDispatcher with 16 workers.
[PhysX] Initialized MultithreadedTaskDispatcher with 16 workers.
 -> (artifact id: 'a434f756c759ea4e28c4199d053be818') in 0.032540 seconds
Number of updated asset objects reloaded before import = 0
Number of asset objects unloaded after import = 7
========================================================================
Received Import Request.
  Time since last request: 0.000020 seconds.
  path: Assets/PolygonSamurai/Models/SM_Env_FarmTerrace_05.fbx
  artifactKey: Guid(8195d559e43142244b680ae36e20cd6f) Importer(815301076,1909f56bfc062723c751e8b465ee728b)
Start importing Assets/PolygonSamurai/Models/SM_Env_FarmTerrace_05.fbx using Guid(8195d559e43142244b680ae36e20cd6f) Importer(815301076,1909f56bfc062723c751e8b465ee728b) [PhysX] Initialized MultithreadedTaskDispatcher with 16 workers.
[PhysX] Initialized MultithreadedTaskDispatcher with 16 workers.
[PhysX] Initialized MultithreadedTaskDispatcher with 16 workers.
 -> (artifact id: '4b5a854802995ce91f47e703a2e14a57') in 0.017266 seconds
Number of updated asset objects reloaded before import = 0
Number of asset objects unloaded after import = 7
========================================================================
Received Import Request.
  Time since last request: 0.000040 seconds.
  path: Assets/PolygonSamurai/Models/SM_Env_Hill_Cascade_01.fbx
  artifactKey: Guid(a86f2ca0abe50de498090fed92e31e97) Importer(815301076,1909f56bfc062723c751e8b465ee728b)
Start importing Assets/PolygonSamurai/Models/SM_Env_Hill_Cascade_01.fbx using Guid(a86f2ca0abe50de498090fed92e31e97) Importer(815301076,1909f56bfc062723c751e8b465ee728b) [PhysX] Initialized MultithreadedTaskDispatcher with 16 workers.
[PhysX] Initialized MultithreadedTaskDispatcher with 16 workers.
[PhysX] Initialized MultithreadedTaskDispatcher with 16 workers.
 -> (artifact id: '63c29f0ebbfad4247d066e8de541ea60') in 0.019854 seconds
Number of updated asset objects reloaded before import = 0
Number of asset objects unloaded after import = 7
========================================================================
Received Import Request.
  Time since last request: 0.000023 seconds.
  path: Assets/PolygonSamurai/Models/SM_Env_Fence_Post_01.fbx
  artifactKey: Guid(8f5eb3ce69a8fba4caddb8077c3dca0e) Importer(815301076,1909f56bfc062723c751e8b465ee728b)
Start importing Assets/PolygonSamurai/Models/SM_Env_Fence_Post_01.fbx using Guid(8f5eb3ce69a8fba4caddb8077c3dca0e) Importer(815301076,1909f56bfc062723c751e8b465ee728b) [PhysX] Initialized MultithreadedTaskDispatcher with 16 workers.
[PhysX] Initialized MultithreadedTaskDispatcher with 16 workers.
[PhysX] Initialized MultithreadedTaskDispatcher with 16 workers.
 -> (artifact id: 'a26d7819e09ef7b0be433e3099a6290f') in 0.033577 seconds
Number of updated asset objects reloaded before import = 0
Number of asset objects unloaded after import = 7
========================================================================
Received Import Request.
  Time since last request: 0.828989 seconds.
  path: Assets/PolygonSamurai/Models/SM_Env_DirtPath_02.fbx
  artifactKey: Guid(2cbf229f02e63844a84a0e3308a2e59d) Importer(815301076,1909f56bfc062723c751e8b465ee728b)
Start importing Assets/PolygonSamurai/Models/SM_Env_DirtPath_02.fbx using Guid(2cbf229f02e63844a84a0e3308a2e59d) Importer(815301076,1909f56bfc062723c751e8b465ee728b) [PhysX] Initialized MultithreadedTaskDispatcher with 16 workers.
[PhysX] Initialized MultithreadedTaskDispatcher with 16 workers.
[PhysX] Initialized MultithreadedTaskDispatcher with 16 workers.
 -> (artifact id: '6c51dec27b516638d100b8ff8b204496') in 0.017174 seconds
Number of updated asset objects reloaded before import = 0
Number of asset objects unloaded after import = 7
========================================================================
Received Import Request.
  Time since last request: 0.000021 seconds.
  path: Assets/PolygonSamurai/Models/SM_Env_DirtPath_03.fbx
  artifactKey: Guid(169ff22382679a044aa5ff37187fd74a) Importer(815301076,1909f56bfc062723c751e8b465ee728b)
Start importing Assets/PolygonSamurai/Models/SM_Env_DirtPath_03.fbx using Guid(169ff22382679a044aa5ff37187fd74a) Importer(815301076,1909f56bfc062723c751e8b465ee728b) [PhysX] Initialized MultithreadedTaskDispatcher with 16 workers.
[PhysX] Initialized MultithreadedTaskDispatcher with 16 workers.
[PhysX] Initialized MultithreadedTaskDispatcher with 16 workers.
 -> (artifact id: 'd6bb09a407883928f8a19aa4d95165c8') in 0.016912 seconds
Number of updated asset objects reloaded before import = 0
Number of asset objects unloaded after import = 7
========================================================================
Received Import Request.
  Time since last request: 0.938636 seconds.
  path: Assets/PolygonSamurai/Models/Collisions/SM_Env_CropRow_02_Collision.fbx
  artifactKey: Guid(42558b98c69345646965f5043a7e4357) Importer(815301076,1909f56bfc062723c751e8b465ee728b)
Start importing Assets/PolygonSamurai/Models/Collisions/SM_Env_CropRow_02_Collision.fbx using Guid(42558b98c69345646965f5043a7e4357) Importer(815301076,1909f56bfc062723c751e8b465ee728b) [PhysX] Initialized MultithreadedTaskDispatcher with 16 workers.
[PhysX] Initialized MultithreadedTaskDispatcher with 16 workers.
[PhysX] Initialized MultithreadedTaskDispatcher with 16 workers.
 -> (artifact id: 'b5474605b13c14e8d05b58229869d2fb') in 0.027734 seconds
Number of updated asset objects reloaded before import = 0
Number of asset objects unloaded after import = 8
========================================================================
Received Import Request.
  Time since last request: 0.000023 seconds.
  path: Assets/PolygonSamurai/Models/SM_Env_CropRow_03.fbx
  artifactKey: Guid(19988b7840414de46a26a75516f4a1c2) Importer(815301076,1909f56bfc062723c751e8b465ee728b)
Start importing Assets/PolygonSamurai/Models/SM_Env_CropRow_03.fbx using Guid(19988b7840414de46a26a75516f4a1c2) Importer(815301076,1909f56bfc062723c751e8b465ee728b) [PhysX] Initialized MultithreadedTaskDispatcher with 16 workers.
[PhysX] Initialized MultithreadedTaskDispatcher with 16 workers.
[PhysX] Initialized MultithreadedTaskDispatcher with 16 workers.
 -> (artifact id: 'bcf370a20b6071e27d0a06b3d29ec052') in 0.022878 seconds
Number of updated asset objects reloaded before import = 0
Number of asset objects unloaded after import = 7
========================================================================
Received Import Request.
  Time since last request: 0.267815 seconds.
  path: Assets/PolygonSamurai/Models/SM_Env_Cloud_02.fbx
  artifactKey: Guid(64811f4437f020b4b80baf5c50f757ef) Importer(815301076,1909f56bfc062723c751e8b465ee728b)
Start importing Assets/PolygonSamurai/Models/SM_Env_Cloud_02.fbx using Guid(64811f4437f020b4b80baf5c50f757ef) Importer(815301076,1909f56bfc062723c751e8b465ee728b) [PhysX] Initialized MultithreadedTaskDispatcher with 16 workers.
[PhysX] Initialized MultithreadedTaskDispatcher with 16 workers.
[PhysX] Initialized MultithreadedTaskDispatcher with 16 workers.
 -> (artifact id: '71c5e50395dc876239026880b8d2b885') in 0.017263 seconds
Number of updated asset objects reloaded before import = 0
Number of asset objects unloaded after import = 7
========================================================================
Received Import Request.
  Time since last request: 0.000020 seconds.
  path: Assets/PolygonSamurai/Models/SM_Env_Cloud_03.fbx
  artifactKey: Guid(1f3f228f518fe354abb7ba3a2865f20b) Importer(815301076,1909f56bfc062723c751e8b465ee728b)
Start importing Assets/PolygonSamurai/Models/SM_Env_Cloud_03.fbx using Guid(1f3f228f518fe354abb7ba3a2865f20b) Importer(815301076,1909f56bfc062723c751e8b465ee728b) [PhysX] Initialized MultithreadedTaskDispatcher with 16 workers.
[PhysX] Initialized MultithreadedTaskDispatcher with 16 workers.
[PhysX] Initialized MultithreadedTaskDispatcher with 16 workers.
 -> (artifact id: '9e34bc329950452b55638cd39a7bfc4e') in 0.021600 seconds
Number of updated asset objects reloaded before import = 0
Number of asset objects unloaded after import = 7
========================================================================
Received Import Request.
  Time since last request: 1.848514 seconds.
  path: Assets/PolygonSamurai/Models/SM_Prop_Table_03.fbx
  artifactKey: Guid(50f65d57c12d80448b8df9d9978fd888) Importer(815301076,1909f56bfc062723c751e8b465ee728b)
Start importing Assets/PolygonSamurai/Models/SM_Prop_Table_03.fbx using Guid(50f65d57c12d80448b8df9d9978fd888) Importer(815301076,1909f56bfc062723c751e8b465ee728b) [PhysX] Initialized MultithreadedTaskDispatcher with 16 workers.
[PhysX] Initialized MultithreadedTaskDispatcher with 16 workers.
[PhysX] Initialized MultithreadedTaskDispatcher with 16 workers.
 -> (artifact id: '921adb3af9b577c984f4cb61b570e0af') in 0.017803 seconds
Number of updated asset objects reloaded before import = 0
Number of asset objects unloaded after import = 7
========================================================================
Received Import Request.
  Time since last request: 0.000023 seconds.
  path: Assets/PolygonSamurai/Models/SM_Prop_Vegetables_03.fbx
  artifactKey: Guid(09326ace84173494594c4c1a486f81ef) Importer(815301076,1909f56bfc062723c751e8b465ee728b)
Start importing Assets/PolygonSamurai/Models/SM_Prop_Vegetables_03.fbx using Guid(09326ace84173494594c4c1a486f81ef) Importer(815301076,1909f56bfc062723c751e8b465ee728b) [PhysX] Initialized MultithreadedTaskDispatcher with 16 workers.
[PhysX] Initialized MultithreadedTaskDispatcher with 16 workers.
[PhysX] Initialized MultithreadedTaskDispatcher with 16 workers.
 -> (artifact id: '48107f37bd202e7b903ee0df077f569b') in 0.030386 seconds
Number of updated asset objects reloaded before import = 0
Number of asset objects unloaded after import = 7
========================================================================
Received Import Request.
  Time since last request: 0.000020 seconds.
  path: Assets/PolygonSamurai/Models/SM_Prop_Vegetables_02.fbx
  artifactKey: Guid(8f7e56c4c778c1a49b24e3f03d3dd118) Importer(815301076,1909f56bfc062723c751e8b465ee728b)
Start importing Assets/PolygonSamurai/Models/SM_Prop_Vegetables_02.fbx using Guid(8f7e56c4c778c1a49b24e3f03d3dd118) Importer(815301076,1909f56bfc062723c751e8b465ee728b) [PhysX] Initialized MultithreadedTaskDispatcher with 16 workers.
[PhysX] Initialized MultithreadedTaskDispatcher with 16 workers.
[PhysX] Initialized MultithreadedTaskDispatcher with 16 workers.
 -> (artifact id: 'eda161055bdbf9d42bf6d75b9d48f788') in 0.020804 seconds
Number of updated asset objects reloaded before import = 0
Number of asset objects unloaded after import = 7
========================================================================
Received Import Request.
  Time since last request: 0.000022 seconds.
  path: Assets/PolygonSamurai/Models/SM_Prop_Vegetables_05.fbx
  artifactKey: Guid(f04ab638af497f44481ea5cb54107f7d) Importer(815301076,1909f56bfc062723c751e8b465ee728b)
Start importing Assets/PolygonSamurai/Models/SM_Prop_Vegetables_05.fbx using Guid(f04ab638af497f44481ea5cb54107f7d) Importer(815301076,1909f56bfc062723c751e8b465ee728b) [PhysX] Initialized MultithreadedTaskDispatcher with 16 workers.
[PhysX] Initialized MultithreadedTaskDispatcher with 16 workers.
[PhysX] Initialized MultithreadedTaskDispatcher with 16 workers.
 -> (artifact id: '8179533a121ea4860278b6f51e730feb') in 0.021119 seconds
Number of updated asset objects reloaded before import = 0
Number of asset objects unloaded after import = 7
========================================================================
Received Import Request.
  Time since last request: 0.000028 seconds.
  path: Assets/PolygonSamurai/Models/SM_Prop_Vegetables_06.fbx
  artifactKey: Guid(00c79b32d0c6e2a4c84eb28c03eb67c8) Importer(815301076,1909f56bfc062723c751e8b465ee728b)
Start importing Assets/PolygonSamurai/Models/SM_Prop_Vegetables_06.fbx using Guid(00c79b32d0c6e2a4c84eb28c03eb67c8) Importer(815301076,1909f56bfc062723c751e8b465ee728b) [PhysX] Initialized MultithreadedTaskDispatcher with 16 workers.
[PhysX] Initialized MultithreadedTaskDispatcher with 16 workers.
[PhysX] Initialized MultithreadedTaskDispatcher with 16 workers.
 -> (artifact id: '72d99675e0d8ed5690324d59927e68cf') in 0.023726 seconds
Number of updated asset objects reloaded before import = 0
Number of asset objects unloaded after import = 7
========================================================================
Received Import Request.
  Time since last request: 0.000024 seconds.
  path: Assets/PolygonSamurai/Models/SM_Wep_BoStaff_01.fbx
  artifactKey: Guid(eea1c1d8005a1a34f8902cfbd7d619d5) Importer(815301076,1909f56bfc062723c751e8b465ee728b)
Start importing Assets/PolygonSamurai/Models/SM_Wep_BoStaff_01.fbx using Guid(eea1c1d8005a1a34f8902cfbd7d619d5) Importer(815301076,1909f56bfc062723c751e8b465ee728b) [PhysX] Initialized MultithreadedTaskDispatcher with 16 workers.
[PhysX] Initialized MultithreadedTaskDispatcher with 16 workers.
[PhysX] Initialized MultithreadedTaskDispatcher with 16 workers.
 -> (artifact id: '0279f23e3390580fde08795c0815fc7a') in 0.025208 seconds
Number of updated asset objects reloaded before import = 0
Number of asset objects unloaded after import = 7
========================================================================
Received Import Request.
  Time since last request: 0.082960 seconds.
  path: Assets/PolygonSamurai/Models/Snow/SM_Env_Snow_Bush_01.fbx
  artifactKey: Guid(79a09a1167a459844a59a6f7a75e1fd3) Importer(815301076,1909f56bfc062723c751e8b465ee728b)
Start importing Assets/PolygonSamurai/Models/Snow/SM_Env_Snow_Bush_01.fbx using Guid(79a09a1167a459844a59a6f7a75e1fd3) Importer(815301076,1909f56bfc062723c751e8b465ee728b) [PhysX] Initialized MultithreadedTaskDispatcher with 16 workers.
[PhysX] Initialized MultithreadedTaskDispatcher with 16 workers.
[PhysX] Initialized MultithreadedTaskDispatcher with 16 workers.
 -> (artifact id: 'f7c2f7c0d74bbc5eec65031d13ec9dbb') in 0.016410 seconds
Number of updated asset objects reloaded before import = 0
Number of asset objects unloaded after import = 7
========================================================================
Received Import Request.
  Time since last request: 0.000023 seconds.
  path: Assets/PolygonSamurai/Models/Snow/SM_Prop_Snow_Bucket_02.fbx
  artifactKey: Guid(3433796ca4108a046bc92836072d8b13) Importer(815301076,1909f56bfc062723c751e8b465ee728b)
Start importing Assets/PolygonSamurai/Models/Snow/SM_Prop_Snow_Bucket_02.fbx using Guid(3433796ca4108a046bc92836072d8b13) Importer(815301076,1909f56bfc062723c751e8b465ee728b) [PhysX] Initialized MultithreadedTaskDispatcher with 16 workers.
[PhysX] Initialized MultithreadedTaskDispatcher with 16 workers.
[PhysX] Initialized MultithreadedTaskDispatcher with 16 workers.
 -> (artifact id: '4d7557f01228e0cfd0bb275670e4c05f') in 0.018612 seconds
Number of updated asset objects reloaded before import = 0
Number of asset objects unloaded after import = 7
========================================================================
Received Prepare
Begin MonoManager ReloadAssembly
- Loaded All Assemblies, in  0.473 seconds
Refreshing native plugins compatible for Editor in 4.00 ms, found 3 plugins.
Native extension for WindowsStandalone target not found
Native extension for WebGL target not found
[Package Manager] Server::EnsureServerProcessIsRunning -- launch failed, reason: Unity was launched with the -noUpm command-line argument
[Package Manager] UpmClient::Send -- Unable to send message (not connected to UPM process).
[Package Manager] Cannot connect to Unity Package Manager local server
Mono: successfully reloaded assembly
- Finished resetting the current domain, in  1.039 seconds
Domain Reload Profiling: 1510ms
	BeginReloadAssembly (161ms)
		ExecutionOrderSort (0ms)
		DisableScriptedObjects (4ms)
		BackupInstance (0ms)
		ReleaseScriptingObjects (0ms)
		CreateAndSetChildDomain (40ms)
	RebuildCommonClasses (32ms)
	RebuildNativeTypeToScriptingClass (9ms)
	initialDomainReloadingComplete (27ms)
	LoadAllAssembliesAndSetupDomain (242ms)
		LoadAssemblies (318ms)
		RebuildTransferFunctionScriptingTraits (0ms)
		AnalyzeDomain (12ms)
			TypeCache.Refresh (6ms)
				TypeCache.ScanAssembly (0ms)
			ScanForSourceGeneratedMonoScriptInfo (0ms)
			ResolveRequiredComponents (5ms)
	FinalizeReload (1039ms)
		ReleaseScriptCaches (0ms)
		RebuildScriptCaches (0ms)
		SetupLoadedEditorAssemblies (525ms)
			LogAssemblyErrors (0ms)
			InitializePlatformSupportModulesInManaged (8ms)
			SetLoadedEditorAssemblies (3ms)
			RefreshPlugins (0ms)
			BeforeProcessingInitializeOnLoad (56ms)
			ProcessInitializeOnLoadAttributes (424ms)
			ProcessInitializeOnLoadMethodAttributes (26ms)
			AfterProcessingInitializeOnLoad (7ms)
			EditorAssembliesLoaded (0ms)
		ExecutionOrderSort2 (0ms)
		AwakeInstancesAfterBackupRestoration (9ms)
Refreshing native plugins compatible for Editor in 5.18 ms, found 3 plugins.
Preloading 0 native plugins for Editor in 0.00 ms.
Unloading 3535 Unused Serialized files (Serialized files now loaded: 0)
Unloading 24 unused Assets / (31.3 KB). Loaded Objects now: 4035.
Memory consumption went from 135.3 MB to 135.3 MB.
Total: 7.595000 ms (FindLiveObjects: 0.987500 ms CreateObjectMapping: 0.483600 ms MarkObjects: 6.034100 ms  DeleteObjects: 0.088600 ms)

Prepare: number of updated asset objects reloaded= 0
AssetImportParameters requested are different than current active one (requested -> active):
  custom:container-demuxer-ogg: 62fdf1f143b41e24485cea50d1cbac27 -> 
  custom:video-decoder-ogg-theora: a1e56fd34408186e4bbccfd4996cb3dc -> 
  custom:framework-win-MediaFoundation: 216162199b28c13a410421893ffa2e32 -> 
  custom:scripting/monoscript/fileName/Porgramming_24_10_08.cs: 4e46254cc23d73b26ea011946340580d -> 
  custom:CustomObjectIndexerAttribute: 9a22284fe3817be447336de3de66b15e -> 
  custom:container-demuxer-webm: 4f35f7cbe854078d1ac9338744f61a02 -> 
  custom:container-muxer-webm: aa71ff27fc2769a1b78a27578f13a17b -> 
  custom:video-decoder-webm-vp8: 9c59270c3fd7afecdb556c50c9e8de78 -> 
  custom:SearchIndexIgnoredProperties: e643bd26f0fe6173181afceb89e7c659 -> 
  custom:AudioImporter_EditorPlatform: d09bf68614088b80899f8185d706f6e7 -> 
  custom:video-encoder-webm-vp8: eb34c28f22e8b96e1ab97ce403110664 -> 
  custom:audio-decoder-ogg-vorbis: bf7c407c2cedff20999df2af8eb42d56 -> 
  custom:audio-encoder-webm-vorbis: bf7c407c2cedff20999df2af8eb42d56 -> 
Editor requested this worker to shutdown with reason: Scaling down because of idle timeout
TcpMessagingSession - receive error: operation aborted. errorcode: 995, details: Der E/A-Vorgang wurde wegen eines Threadendes oder einer Anwendungsanforderung abgebrochen.
AssetImportWorker is now disconnected from the server
Process exiting
Exiting without the bug reporter. Application will terminate with return code 0